2025-05-25 15:30:57 [main] INFO  o.e.p.ProjectManagerAppApplication - Starting ProjectManagerAppApplication v0.0.1-SNAPSHOT using Java 21.0.7 with PID 1 (/app/app.jar started by appuser in /app)
2025-05-25 15:30:57 [main] INFO  o.e.p.ProjectManagerAppApplication - The following 1 profile is active: "docker"
2025-05-25 15:30:59 [main] INFO  o.s.d.r.c.RepositoryConfigurationDelegate - Bootstrapping Spring Data JPA repositories in DEFAULT mode.
2025-05-25 15:30:59 [main] INFO  o.s.d.r.c.RepositoryConfigurationDelegate - Finished Spring Data repository scanning in 88 ms. Found 3 JPA repository interfaces.
2025-05-25 15:31:01 [main] INFO  o.s.b.w.e.tomcat.TomcatWebServer - Tomcat initialized with port 8080 (http)
2025-05-25 15:31:01 [main] INFO  o.a.catalina.core.StandardService - Starting service [Tomcat]
2025-05-25 15:31:01 [main] INFO  o.a.catalina.core.StandardEngine - Starting Servlet engine: [Apache Tomcat/10.1.36]
2025-05-25 15:31:01 [main] INFO  o.a.c.c.C.[Tomcat].[localhost].[/] - Initializing Spring embedded WebApplicationContext
2025-05-25 15:31:01 [main] INFO  o.s.b.w.s.c.ServletWebServerApplicationContext - Root WebApplicationContext: initialization completed in 3527 ms
2025-05-25 15:31:02 [main] INFO  o.s.o.j.p.SpringPersistenceUnitInfo - No LoadTimeWeaver setup: ignoring JPA class transformer
2025-05-25 15:31:02 [main] INFO  com.zaxxer.hikari.HikariDataSource - HikariPool-1 - Starting...
2025-05-25 15:31:02 [main] INFO  com.zaxxer.hikari.pool.HikariPool - HikariPool-1 - Added connection org.postgresql.jdbc.PgConnection@76b5a559
2025-05-25 15:31:02 [main] INFO  com.zaxxer.hikari.HikariDataSource - HikariPool-1 - Start completed.
2025-05-25 15:31:02 [main] WARN  org.hibernate.orm.deprecation - HHH90000025: PostgreSQLDialect does not need to be specified explicitly using 'hibernate.dialect' (remove the property setting and it will be selected by default)
2025-05-25 15:31:04 [main] DEBUG org.hibernate.SQL - 
    create table project_users (
        project_id bigint not null,
        user_id bigint not null
    )
2025-05-25 15:31:04 [main] DEBUG org.hibernate.SQL - 
    create table projects (
        id bigint generated by default as identity,
        name varchar(255) not null,
        primary key (id)
    )
2025-05-25 15:31:04 [main] DEBUG org.hibernate.SQL - 
    create table tasks (
        id bigint generated by default as identity,
        description TEXT,
        task_type varchar(255) not null check (task_type in ('LOW_PRIORITY','MEDIUM_PRIORITY','HIGH_PRIORITY')),
        title varchar(255) not null,
        project_id bigint,
        primary key (id)
    )
2025-05-25 15:31:04 [main] DEBUG org.hibernate.SQL - 
    create table users (
        id bigint generated by default as identity,
        username varchar(255) not null,
        primary key (id)
    )
2025-05-25 15:31:04 [main] DEBUG org.hibernate.SQL - 
    alter table if exists users 
       drop constraint if exists UKr43af9ap4edm43mmtq01oddj6
2025-05-25 15:31:04 [main] WARN  o.h.e.jdbc.spi.SqlExceptionHelper - SQL Warning Code: 0, SQLState: 00000
2025-05-25 15:31:04 [main] WARN  o.h.e.jdbc.spi.SqlExceptionHelper - constraint "ukr43af9ap4edm43mmtq01oddj6" of relation "users" does not exist, skipping
2025-05-25 15:31:04 [main] DEBUG org.hibernate.SQL - 
    alter table if exists users 
       add constraint UKr43af9ap4edm43mmtq01oddj6 unique (username)
2025-05-25 15:31:04 [main] DEBUG org.hibernate.SQL - 
    alter table if exists project_users 
       add constraint FK8w55cu3qmg4yo0vy0b8e3ivk4 
       foreign key (user_id) 
       references users
2025-05-25 15:31:04 [main] DEBUG org.hibernate.SQL - 
    alter table if exists project_users 
       add constraint FKn2d9w5xxgord5j4k2963p8o1g 
       foreign key (project_id) 
       references projects
2025-05-25 15:31:04 [main] DEBUG org.hibernate.SQL - 
    alter table if exists tasks 
       add constraint FKsfhn82y57i3k9uxww1s007acc 
       foreign key (project_id) 
       references projects
2025-05-25 15:31:04 [main] INFO  o.s.o.j.LocalContainerEntityManagerFactoryBean - Initialized JPA EntityManagerFactory for persistence unit 'default'
2025-05-25 15:31:04 [main] WARN  o.s.b.a.o.j.JpaBaseConfiguration$JpaWebConfiguration - spring.jpa.open-in-view is enabled by default. Therefore, database queries may be performed during view rendering. Explicitly configure spring.jpa.open-in-view to disable this warning
2025-05-25 15:31:05 [main] INFO  o.s.v.b.OptionalValidatorFactoryBean - Failed to set up a Bean Validation provider: jakarta.validation.NoProviderFoundException: Unable to create a Configuration, because no Jakarta Bean Validation provider could be found. Add a provider like Hibernate Validator (RI) to your classpath.
2025-05-25 15:31:05 [main] INFO  o.s.b.w.e.tomcat.TomcatWebServer - Tomcat started on port 8080 (http) with context path '/'
2025-05-25 15:31:05 [main] INFO  o.e.p.ProjectManagerAppApplication - Started ProjectManagerAppApplication in 8.764 seconds (process running for 8.58)
2025-05-25 15:31:07 [http-nio-8080-exec-1] INFO  o.a.c.c.C.[Tomcat].[localhost].[/] - Initializing Spring DispatcherServlet 'dispatcherServlet'
2025-05-25 15:31:07 [http-nio-8080-exec-1] INFO  o.s.web.servlet.DispatcherServlet - Initializing Servlet 'dispatcherServlet'
2025-05-25 15:31:07 [http-nio-8080-exec-1] INFO  o.s.web.servlet.DispatcherServlet - Completed initialization in 3 ms
2025-05-25 15:31:51 [http-nio-8080-exec-9] INFO  o.s.api.AbstractOpenApiResource - Init duration for springdoc-openapi is: 806 ms
2025-05-25 15:33:49 [SpringApplicationShutdownHook] INFO  o.s.b.w.e.tomcat.GracefulShutdown - Commencing graceful shutdown. Waiting for active requests to complete
2025-05-25 15:33:49 [tomcat-shutdown] INFO  o.s.b.w.e.tomcat.GracefulShutdown - Graceful shutdown complete
2025-05-25 15:33:49 [SpringApplicationShutdownHook] INFO  o.s.o.j.LocalContainerEntityManagerFactoryBean - Closing JPA EntityManagerFactory for persistence unit 'default'
2025-05-25 15:33:49 [SpringApplicationShutdownHook] INFO  com.zaxxer.hikari.HikariDataSource - HikariPool-1 - Shutdown initiated...
2025-05-25 15:33:49 [SpringApplicationShutdownHook] INFO  com.zaxxer.hikari.HikariDataSource - HikariPool-1 - Shutdown completed.
2025-05-25 15:38:07 [main] INFO  o.e.p.ProjectManagerAppApplication - Starting ProjectManagerAppApplication v0.0.1-SNAPSHOT using Java 21.0.7 with PID 1 (/app/app.jar started by appuser in /app)
2025-05-25 15:38:07 [main] INFO  o.e.p.ProjectManagerAppApplication - The following 1 profile is active: "docker"
2025-05-25 15:38:09 [main] INFO  o.s.d.r.c.RepositoryConfigurationDelegate - Bootstrapping Spring Data JPA repositories in DEFAULT mode.
2025-05-25 15:38:09 [main] INFO  o.s.d.r.c.RepositoryConfigurationDelegate - Finished Spring Data repository scanning in 64 ms. Found 3 JPA repository interfaces.
2025-05-25 15:38:10 [main] INFO  o.s.b.w.e.tomcat.TomcatWebServer - Tomcat initialized with port 8080 (http)
2025-05-25 15:38:10 [main] INFO  o.a.catalina.core.StandardService - Starting service [Tomcat]
2025-05-25 15:38:10 [main] INFO  o.a.catalina.core.StandardEngine - Starting Servlet engine: [Apache Tomcat/10.1.36]
2025-05-25 15:38:10 [main] INFO  o.a.c.c.C.[Tomcat].[localhost].[/] - Initializing Spring embedded WebApplicationContext
2025-05-25 15:38:10 [main] INFO  o.s.b.w.s.c.ServletWebServerApplicationContext - Root WebApplicationContext: initialization completed in 2322 ms
2025-05-25 15:38:11 [main] INFO  o.s.o.j.p.SpringPersistenceUnitInfo - No LoadTimeWeaver setup: ignoring JPA class transformer
2025-05-25 15:38:11 [main] INFO  com.zaxxer.hikari.HikariDataSource - HikariPool-1 - Starting...
2025-05-25 15:38:11 [main] INFO  com.zaxxer.hikari.pool.HikariPool - HikariPool-1 - Added connection org.postgresql.jdbc.PgConnection@4ae2c01b
2025-05-25 15:38:11 [main] INFO  com.zaxxer.hikari.HikariDataSource - HikariPool-1 - Start completed.
2025-05-25 15:38:11 [main] WARN  org.hibernate.orm.deprecation - HHH90000025: PostgreSQLDialect does not need to be specified explicitly using 'hibernate.dialect' (remove the property setting and it will be selected by default)
2025-05-25 15:38:12 [main] INFO  o.s.o.j.LocalContainerEntityManagerFactoryBean - Initialized JPA EntityManagerFactory for persistence unit 'default'
2025-05-25 15:38:13 [main] WARN  o.s.b.a.o.j.JpaBaseConfiguration$JpaWebConfiguration - spring.jpa.open-in-view is enabled by default. Therefore, database queries may be performed during view rendering. Explicitly configure spring.jpa.open-in-view to disable this warning
2025-05-25 15:38:13 [main] INFO  o.s.v.b.OptionalValidatorFactoryBean - Failed to set up a Bean Validation provider: jakarta.validation.NoProviderFoundException: Unable to create a Configuration, because no Jakarta Bean Validation provider could be found. Add a provider like Hibernate Validator (RI) to your classpath.
2025-05-25 15:38:14 [main] INFO  o.s.b.a.e.web.EndpointLinksResolver - Exposing 3 endpoints beneath base path '/actuator'
2025-05-25 15:38:14 [main] INFO  o.s.b.w.e.tomcat.TomcatWebServer - Tomcat started on port 8080 (http) with context path '/'
2025-05-25 15:38:14 [main] INFO  o.e.p.ProjectManagerAppApplication - Started ProjectManagerAppApplication in 7.416 seconds (process running for 7.898)
2025-05-25 15:38:18 [http-nio-8080-exec-1] INFO  o.a.c.c.C.[Tomcat].[localhost].[/] - Initializing Spring DispatcherServlet 'dispatcherServlet'
2025-05-25 15:38:18 [http-nio-8080-exec-1] INFO  o.s.web.servlet.DispatcherServlet - Initializing Servlet 'dispatcherServlet'
2025-05-25 15:38:18 [http-nio-8080-exec-1] INFO  o.s.web.servlet.DispatcherServlet - Completed initialization in 2 ms
2025-05-25 15:38:38 [http-nio-8080-exec-1] INFO  o.s.api.AbstractOpenApiResource - Init duration for springdoc-openapi is: 1144 ms
2025-05-25 15:41:17 [SpringApplicationShutdownHook] INFO  o.s.b.w.e.tomcat.GracefulShutdown - Commencing graceful shutdown. Waiting for active requests to complete
2025-05-25 15:41:17 [tomcat-shutdown] INFO  o.s.b.w.e.tomcat.GracefulShutdown - Graceful shutdown complete
2025-05-25 15:41:17 [SpringApplicationShutdownHook] INFO  o.s.o.j.LocalContainerEntityManagerFactoryBean - Closing JPA EntityManagerFactory for persistence unit 'default'
2025-05-25 15:41:17 [SpringApplicationShutdownHook] INFO  com.zaxxer.hikari.HikariDataSource - HikariPool-1 - Shutdown initiated...
2025-05-25 15:41:17 [SpringApplicationShutdownHook] INFO  com.zaxxer.hikari.HikariDataSource - HikariPool-1 - Shutdown completed.
